<?xml version="1.0" encoding="utf-8" standalone="no"?>
<!--This file represents the results of running a test suite-->
<test-results name="C:\SVN\Automation\TestTeamAutomationFrameNew\bin\Debug\TestTeamAutomationFrameNew.dll" total="1" errors="0" failures="0" not-run="0" inconclusive="0" ignored="0" skipped="0" invalid="0" date="2017-11-01" time="16:18:54">
  <environment nunit-version="2.6.4.14350" clr-version="2.0.50727.8794" os-version="Microsoft Windows NT 6.2.9200.0" platform="Win32NT" cwd="C:\Program Files (x86)\NUnit 2.6.4\bin" machine-name="E0262NOTL17" user="adam.brown" user-domain="CORP" />
  <culture-info current-culture="en-GB" current-uiculture="en-US" />
  <test-suite type="Assembly" name="C:\SVN\Automation\TestTeamAutomationFrameNew\bin\Debug\TestTeamAutomationFrameNew.dll" executed="True" result="Success" success="True" time="44.743" asserts="0">
    <results>
      <test-suite type="Namespace" name="TestTeamAutomationFrameNew" executed="True" result="Success" success="True" time="44.743" asserts="0">
        <results>
          <test-suite type="Namespace" name="PAR10748" executed="True" result="Success" success="True" time="44.742" asserts="0">
            <results>
              <test-suite type="TestFixture" name="SmokeTest" executed="True" result="Success" success="True" time="44.742" asserts="0">
                <results>
                  <test-case name="TestTeamAutomationFrameNew.PAR10748.SmokeTest.PAR0748SmokeTest" executed="True" result="Success" success="True" time="44.741" asserts="0" />
                </results>
              </test-suite>
            </results>
          </test-suite>
        </results>
      </test-suite>
    </results>
  </test-suite>
</test-results>